Arguments: 
  /usr/bin/node /usr/local/bin/yarn add webpack webpack-cli --dev --network-timeout 100000

PATH: 
  /home/pelatge/.cargo/bin:/usr/local/bin:/usr/bin:/bin:/usr/local/games:/usr/games:/usr/sbin:/usr/local/sbin:/sbin:/home/pelatge/.rvm/bin

Yarn version: 
  1.22.19

Node version: 
  18.13.0

Platform: 
  linux ia32

Trace: 
  Error: connect ENETUNREACH 2606:4700::6810:1823:443 - Local (:::0)
      at internalConnect (node:net:1060:16)
      at defaultTriggerAsyncIdScope (node:internal/async_hooks:464:18)
      at emitLookup (node:net:1310:9)
      at /usr/local/lib/node_modules/yarn/lib/cli.js:103587:28
      at /usr/local/lib/node_modules/yarn/lib/cli.js:103496:13
      at module.exports.RawTask.call (/usr/local/lib/node_modules/yarn/lib/cli.js:79584:19)
      at flush (/usr/local/lib/node_modules/yarn/lib/cli.js:79666:29)
      at process.processTicksAndRejections (node:internal/process/task_queues:77:11)

npm manifest: 
  {
    "name": "nasigorengbrebes",
    "version": "1.0.0",
    "main": "index.js",
    "repository": "https://github.com/mukharomdev/nasigorengbrebes.git",
    "author": "mukharomdev <mukharomdev@gmail.com>",
    "license": "MIT"
  }

yarn manifest: 
  No manifest

Lockfile: 
  No lockfile
